<?xml version="1.0" encoding="UTF-8"?>
<!-- Generated by org.testng.reporters.JUnitReportReporter -->
<testsuite hostname="Sandhya" failures="0" tests="1" name="testCases.TC_001_AccountRegistration" time="3.594" errors="0" timestamp="2022-07-06T11:01:21 EDT" skipped="0">
  <testcase classname="testCases.TC_001_AccountRegistration" name="test_account_registration" time="3.594"/>
  <system-out/>
</testsuite> <!-- testCases.TC_001_AccountRegistration -->
