<?xml version="1.0" encoding="UTF-8"?>
<!-- Generated by org.testng.reporters.JUnitReportReporter -->
<testsuite hostname="Sandhya" failures="0" tests="1" name="testCases.TC_002_Login" time="1.381" errors="0" timestamp="2022-07-06T10:52:39 EDT" skipped="0">
  <testcase classname="testCases.TC_002_Login" name="test_login" time="1.381"/>
  <system-out/>
</testsuite> <!-- testCases.TC_002_Login -->
